mktextfm Arial
mktextfm Arial
mktextfm Arial
mktextfm Arial/BI
mktextfm Arial
mktextfm Arial/B
mktextfm Arial
mktextfm Arial/I
mktextfm Arial
mktextfm Arial
mktextfm Arial
mktextfm Arial
mktextfm Arial
mktextfm Arial
mktextfm Arial
mktextfm Arial
mktextfm Arial
mktextfm Arial
mktextfm Roboto
mktextfm Roboto
mktextfm Roboto
mktextfm Roboto/BI
mktextfm Roboto
mktextfm Roboto/B
mktextfm Roboto
mktextfm Roboto/I
mktextfm Roboto
mktextfm Roboto
mktextfm Roboto
mktextfm Roboto
mktextfm Roboto
mktextfm Roboto
mktextfm Roboto
mktextfm Roboto
mktextfm Roboto
mktextfm Roboto
